
=================================================================
==4582==ERROR: LeakSanitizer: detected memory leaks

Direct leak of 208 byte(s) in 1 object(s) allocated from:
    #0 0xffff9af2a2f4 in __interceptor_malloc ../../../../src/libsanitizer/asan/asan_malloc_linux.cpp:145
    #1 0xaaaae48fac6c in ft_calloc (/home/drey/Documents/cub3D/cub3d+0xac6c)
    #2 0xaaaae48f695c in init_map src/parse/map/map.c:31
    #3 0xaaaae48f6fa4 in handle_cub src/parse/map/map.c:73
    #4 0xaaaae48f2b48 in parsing src/parse/index.c:18
    #5 0xaaaae48f25bc in main /home/drey/Documents/cub3D/main.c:22
    #6 0xffff9aad73f8 in __libc_start_call_main ../sysdeps/nptl/libc_start_call_main.h:58
    #7 0xffff9aad74c8 in __libc_start_main_impl ../csu/libc-start.c:392
    #8 0xaaaae48f23ec in _start (/home/drey/Documents/cub3D/cub3d+0x23ec)

Direct leak of 120 byte(s) in 1 object(s) allocated from:
    #0 0xffff9af2a2f4 in __interceptor_malloc ../../../../src/libsanitizer/asan/asan_malloc_linux.cpp:145
    #1 0xaaaae48f4518 in save_map_data src/parse/extractors/map.c:91
    #2 0xaaaae48f45e8 in add_map src/parse/extractors/map.c:103
    #3 0xaaaae48f3b68 in handle_extraction src/parse/extractors/index.c:35
    #4 0xaaaae48f3bc0 in retrieve_file_data src/parse/extractors/index.c:54
    #5 0xaaaae48f2b7c in parsing src/parse/index.c:19
    #6 0xaaaae48f25bc in main /home/drey/Documents/cub3D/main.c:22
    #7 0xffff9aad73f8 in __libc_start_call_main ../sysdeps/nptl/libc_start_call_main.h:58
    #8 0xffff9aad74c8 in __libc_start_main_impl ../csu/libc-start.c:392
    #9 0xaaaae48f23ec in _start (/home/drey/Documents/cub3D/cub3d+0x23ec)

Direct leak of 22 byte(s) in 1 object(s) allocated from:
    #0 0xffff9af2a2f4 in __interceptor_malloc ../../../../src/libsanitizer/asan/asan_malloc_linux.cpp:145
    #1 0xaaaae48f4834 in add_tex_path src/parse/extractors/texture.c:26
    #2 0xaaaae48f4e5c in set_textures src/parse/extractors/texture.c:48
    #3 0xaaaae48f3a50 in handle_extraction src/parse/extractors/index.c:23
    #4 0xaaaae48f3bc0 in retrieve_file_data src/parse/extractors/index.c:54
    #5 0xaaaae48f2b7c in parsing src/parse/index.c:19
    #6 0xaaaae48f25bc in main /home/drey/Documents/cub3D/main.c:22
    #7 0xffff9aad73f8 in __libc_start_call_main ../sysdeps/nptl/libc_start_call_main.h:58
    #8 0xffff9aad74c8 in __libc_start_main_impl ../csu/libc-start.c:392
    #9 0xaaaae48f23ec in _start (/home/drey/Documents/cub3D/cub3d+0x23ec)

Direct leak of 22 byte(s) in 1 object(s) allocated from:
    #0 0xffff9af2a2f4 in __interceptor_malloc ../../../../src/libsanitizer/asan/asan_malloc_linux.cpp:145
    #1 0xaaaae48f4834 in add_tex_path src/parse/extractors/texture.c:26
    #2 0xaaaae48f4f9c in set_textures src/parse/extractors/texture.c:50
    #3 0xaaaae48f3a50 in handle_extraction src/parse/extractors/index.c:23
    #4 0xaaaae48f3bc0 in retrieve_file_data src/parse/extractors/index.c:54
    #5 0xaaaae48f2b7c in parsing src/parse/index.c:19
    #6 0xaaaae48f25bc in main /home/drey/Documents/cub3D/main.c:22
    #7 0xffff9aad73f8 in __libc_start_call_main ../sysdeps/nptl/libc_start_call_main.h:58
    #8 0xffff9aad74c8 in __libc_start_main_impl ../csu/libc-start.c:392
    #9 0xaaaae48f23ec in _start (/home/drey/Documents/cub3D/cub3d+0x23ec)

Direct leak of 21 byte(s) in 1 object(s) allocated from:
    #0 0xffff9af2a2f4 in __interceptor_malloc ../../../../src/libsanitizer/asan/asan_malloc_linux.cpp:145
    #1 0xaaaae48f4834 in add_tex_path src/parse/extractors/texture.c:26
    #2 0xaaaae48f521c in set_textures src/parse/extractors/texture.c:54
    #3 0xaaaae48f3a50 in handle_extraction src/parse/extractors/index.c:23
    #4 0xaaaae48f3bc0 in retrieve_file_data src/parse/extractors/index.c:54
    #5 0xaaaae48f2b7c in parsing src/parse/index.c:19
    #6 0xaaaae48f25bc in main /home/drey/Documents/cub3D/main.c:22
    #7 0xffff9aad73f8 in __libc_start_call_main ../sysdeps/nptl/libc_start_call_main.h:58
    #8 0xffff9aad74c8 in __libc_start_main_impl ../csu/libc-start.c:392
    #9 0xaaaae48f23ec in _start (/home/drey/Documents/cub3D/cub3d+0x23ec)

Direct leak of 21 byte(s) in 1 object(s) allocated from:
    #0 0xffff9af2a2f4 in __interceptor_malloc ../../../../src/libsanitizer/asan/asan_malloc_linux.cpp:145
    #1 0xaaaae48f4834 in add_tex_path src/parse/extractors/texture.c:26
    #2 0xaaaae48f50dc in set_textures src/parse/extractors/texture.c:52
    #3 0xaaaae48f3a50 in handle_extraction src/parse/extractors/index.c:23
    #4 0xaaaae48f3bc0 in retrieve_file_data src/parse/extractors/index.c:54
    #5 0xaaaae48f2b7c in parsing src/parse/index.c:19
    #6 0xaaaae48f25bc in main /home/drey/Documents/cub3D/main.c:22
    #7 0xffff9aad73f8 in __libc_start_call_main ../sysdeps/nptl/libc_start_call_main.h:58
    #8 0xffff9aad74c8 in __libc_start_main_impl ../csu/libc-start.c:392
    #9 0xaaaae48f23ec in _start (/home/drey/Documents/cub3D/cub3d+0x23ec)

Direct leak of 12 byte(s) in 1 object(s) allocated from:
    #0 0xffff9af2a2f4 in __interceptor_malloc ../../../../src/libsanitizer/asan/asan_malloc_linux.cpp:145
    #1 0xaaaae48f3350 in add_rgb src/parse/extractors/color.c:88
    #2 0xaaaae48f3528 in add_colors src/parse/extractors/color.c:100
    #3 0xaaaae48f3aa8 in handle_extraction src/parse/extractors/index.c:28
    #4 0xaaaae48f3bc0 in retrieve_file_data src/parse/extractors/index.c:54
    #5 0xaaaae48f2b7c in parsing src/parse/index.c:19
    #6 0xaaaae48f25bc in main /home/drey/Documents/cub3D/main.c:22
    #7 0xffff9aad73f8 in __libc_start_call_main ../sysdeps/nptl/libc_start_call_main.h:58
    #8 0xffff9aad74c8 in __libc_start_main_impl ../csu/libc-start.c:392
    #9 0xaaaae48f23ec in _start (/home/drey/Documents/cub3D/cub3d+0x23ec)

Direct leak of 12 byte(s) in 1 object(s) allocated from:
    #0 0xffff9af2a2f4 in __interceptor_malloc ../../../../src/libsanitizer/asan/asan_malloc_linux.cpp:145
    #1 0xaaaae48f3350 in add_rgb src/parse/extractors/color.c:88
    #2 0xaaaae48f3624 in add_colors src/parse/extractors/color.c:106
    #3 0xaaaae48f3aa8 in handle_extraction src/parse/extractors/index.c:28
    #4 0xaaaae48f3bc0 in retrieve_file_data src/parse/extractors/index.c:54
    #5 0xaaaae48f2b7c in parsing src/parse/index.c:19
    #6 0xaaaae48f25bc in main /home/drey/Documents/cub3D/main.c:22
    #7 0xffff9aad73f8 in __libc_start_call_main ../sysdeps/nptl/libc_start_call_main.h:58
    #8 0xffff9aad74c8 in __libc_start_main_impl ../csu/libc-start.c:392
    #9 0xaaaae48f23ec in _start (/home/drey/Documents/cub3D/cub3d+0x23ec)

Indirect leak of 650 byte(s) in 25 object(s) allocated from:
    #0 0xffff9af2a2f4 in __interceptor_malloc ../../../../src/libsanitizer/asan/asan_malloc_linux.cpp:145
    #1 0xaaaae48fac6c in ft_calloc (/home/drey/Documents/cub3D/cub3d+0xac6c)
    #2 0xaaaae48f6b28 in map_reader src/parse/map/map.c:51
    #3 0xaaaae48f6fac in handle_cub src/parse/map/map.c:74
    #4 0xaaaae48f2b48 in parsing src/parse/index.c:18
    #5 0xaaaae48f25bc in main /home/drey/Documents/cub3D/main.c:22
    #6 0xffff9aad73f8 in __libc_start_call_main ../sysdeps/nptl/libc_start_call_main.h:58
    #7 0xffff9aad74c8 in __libc_start_main_impl ../csu/libc-start.c:392
    #8 0xaaaae48f23ec in _start (/home/drey/Documents/cub3D/cub3d+0x23ec)

Indirect leak of 476 byte(s) in 14 object(s) allocated from:
    #0 0xffff9af2a2f4 in __interceptor_malloc ../../../../src/libsanitizer/asan/asan_malloc_linux.cpp:145
    #1 0xaaaae48f66cc in make_map_rectangular src/parse/map/filler.c:72
    #2 0xaaaae48fa244 in validate_map src/parse/validation/validate_map.c:100
    #3 0xaaaae48f2bc4 in parsing src/parse/index.c:21
    #4 0xaaaae48f25bc in main /home/drey/Documents/cub3D/main.c:22
    #5 0xffff9aad73f8 in __libc_start_call_main ../sysdeps/nptl/libc_start_call_main.h:58
    #6 0xffff9aad74c8 in __libc_start_main_impl ../csu/libc-start.c:392
    #7 0xaaaae48f23ec in _start (/home/drey/Documents/cub3D/cub3d+0x23ec)

SUMMARY: AddressSanitizer: 1564 byte(s) leaked in 47 allocation(s).
